2026-03-16 18:10:37 - MeeshoAutomation - INFO - Successfully loaded JSON test data from: /Users/deepakvarma/Desktop/Meesho_Automation/data/search_products.json
2026-03-16 18:10:37 - MeeshoAutomation - INFO - Connecting to Real Google Chrome via CDP (Port 9222)...
2026-03-16 18:10:40 - MeeshoAutomation - INFO - Initializing Pristine Pytest-Playwright Engine.
2026-03-16 18:10:40 - MeeshoAutomation - INFO - --- Starting Stealth Sequence: kurti ---
2026-03-16 18:11:01 - MeeshoAutomation - INFO - HomePage: Initiating search for: kurti
2026-03-16 18:11:01 - MeeshoAutomation - INFO - Checking for 'Sign up now' popup...
2026-03-16 18:11:09 - MeeshoAutomation - INFO - Search query 'kurti' submitted via Keyboard interaction.
2026-03-16 18:11:09 - MeeshoAutomation - INFO - Search results hydration in progress.
2026-03-16 18:11:18 - MeeshoAutomation - INFO - SearchResultsPage: Attempting stable click on product index: 0.
2026-03-16 18:11:21 - MeeshoAutomation - INFO - Available products for selection: 42
2026-03-16 18:11:23 - MeeshoAutomation - INFO - Humanized link click dispatched.
2026-03-16 18:11:25 - MeeshoAutomation - WARNING - URL didn't change. Dispatching JS forced navigation as fallback.
2026-03-16 18:11:25 - MeeshoAutomation - INFO - Scanning for valid Product Details Page...
2026-03-16 18:11:25 - MeeshoAutomation - INFO - ProductDetailsPage: Waiting for product hydration...
2026-03-16 18:11:33 - MeeshoAutomation - INFO - Legitimate PDP confirmed: polyster/crepe fabric-printed fashionable designer kurta/kurti for girls and women | womens wear | womens kurti | girls wear | girls kurti | kurta for womens | kurta for girls
2026-03-16 18:11:33 - MeeshoAutomation - INFO - ProductDetailsPage: Fetching current cart count.
2026-03-16 18:11:33 - MeeshoAutomation - INFO - Checking if size selection is required.
2026-03-16 18:11:33 - MeeshoAutomation - INFO - Found 6 Size chips. Searching for an available variant.
2026-03-16 18:11:33 - MeeshoAutomation - INFO - Clicking available size chip: S
2026-03-16 18:11:37 - MeeshoAutomation - INFO - ProductDetailsPage: Attempting 'Add to Cart'.
2026-03-16 18:11:37 - MeeshoAutomation - INFO - Executing 'Human Jiggle' scroll.
2026-03-16 18:11:41 - MeeshoAutomation - INFO - Click submitted. Waiting for login modal.
2026-03-16 18:11:44 - MeeshoAutomation - INFO - Verifying Login Modal presence.
2026-03-16 18:11:44 - MeeshoAutomation - ERROR - Login Modal NOT detected after Add to Cart.
2026-03-16 18:11:44 - MeeshoAutomation - INFO - Logged-in session detected. Verifying Cart Update.
2026-03-16 18:11:44 - MeeshoAutomation - INFO - Verifying product added to cart (Authenticated Flow).
2026-03-16 18:11:44 - MeeshoAutomation - INFO - Verified AddToCart success via marker: button:has-text('Go to Cart')
2026-03-16 18:11:44 - MeeshoAutomation - INFO - ProductDetailsPage: Fetching current cart count.
2026-03-16 18:11:44 - MeeshoAutomation - INFO - SUCCESS (Auth): Product kurti added to cart.
2026-03-16 18:11:44 - MeeshoAutomation - INFO - --- Finished Test: kurti ---
2026-03-16 18:11:44 - MeeshoAutomation - INFO - Detached from Real Google Chrome.
