2026-03-19 21:12:27 - MeeshoAutomation - INFO - Successfully loaded JSON test data from: /Users/deepakvarma/Desktop/Meesho_Automation/data/ai_test_data.json
2026-03-19 21:12:27 - MeeshoAutomation - INFO - Connecting to Real Google Chrome via CDP (Port 9222)...
2026-03-19 21:12:31 - MeeshoAutomation - INFO - Initializing Pristine Pytest-Playwright Engine.
2026-03-19 21:12:31 - MeeshoAutomation - INFO - --- Processing Product: Embroidered Georgette Saree ---
2026-03-19 21:12:55 - MeeshoAutomation - INFO - HomePage: Initiating search for: Embroidered Georgette Saree
2026-03-19 21:12:55 - MeeshoAutomation - INFO - Checking for 'Sign up now' popup...
2026-03-19 21:13:07 - MeeshoAutomation - INFO - Search query 'Embroidered Georgette Saree' submitted via Keyboard interaction.
2026-03-19 21:13:07 - MeeshoAutomation - INFO - Search results hydration in progress.
2026-03-19 21:13:15 - MeeshoAutomation - INFO - SearchResultsPage: Attempting stable click on product index: 0.
2026-03-19 21:13:18 - MeeshoAutomation - INFO - Available products for selection: 42
2026-03-19 21:13:19 - MeeshoAutomation - INFO - Humanized link click dispatched.
2026-03-19 21:13:23 - MeeshoAutomation - WARNING - URL didn't change. Dispatching JS forced navigation as fallback.
2026-03-19 21:13:23 - MeeshoAutomation - INFO - ProductDetailsPage: Waiting for product hydration...
2026-03-19 21:13:29 - MeeshoAutomation - INFO - Legitimate PDP confirmed: heavy silver embroidery work with full silver stone work beautifull saree
2026-03-19 21:13:29 - MeeshoAutomation - INFO - ProductDetailsPage: Fetching current cart count.
2026-03-19 21:13:29 - MeeshoAutomation - INFO - Checking if size selection is required.
2026-03-19 21:13:29 - MeeshoAutomation - INFO - Found 1 Size chips. Searching for an available variant.
2026-03-19 21:13:29 - MeeshoAutomation - INFO - Clicking available size chip: Free Size
2026-03-19 21:13:33 - MeeshoAutomation - INFO - ProductDetailsPage: Attempting 'Add to Cart'.
2026-03-19 21:13:33 - MeeshoAutomation - INFO - Executing 'Human Jiggle' scroll.
2026-03-19 21:13:37 - MeeshoAutomation - INFO - Click submitted. Waiting for login modal.
2026-03-19 21:13:40 - MeeshoAutomation - INFO - Verifying Login Modal presence.
2026-03-19 21:13:40 - MeeshoAutomation - ERROR - Login Modal NOT detected after Add to Cart.
2026-03-19 21:13:40 - MeeshoAutomation - INFO - Auth session active. Verifying UI success markers.
2026-03-19 21:13:40 - MeeshoAutomation - INFO - Verifying product added to cart (Authenticated Flow).
2026-03-19 21:13:40 - MeeshoAutomation - INFO - Verified AddToCart success via marker: button:has-text('Go to Cart')
2026-03-19 21:13:40 - MeeshoAutomation - INFO - ProductDetailsPage: Fetching current cart count.
2026-03-19 21:13:40 - MeeshoAutomation - INFO - Cart Count transitioned from 0 -> 0
2026-03-19 21:13:40 - MeeshoAutomation - INFO - VERIFIED (Auth): Cart count update verified for: Embroidered Georgette Saree
2026-03-19 21:13:40 - MeeshoAutomation - INFO - --- Flow Complete: Embroidered Georgette Saree ---
2026-03-19 21:13:43 - MeeshoAutomation - INFO - Initializing Pristine Pytest-Playwright Engine.
2026-03-19 21:13:43 - MeeshoAutomation - INFO - --- Processing Product: Cotton Floral Printed Kurti ---
2026-03-19 21:14:03 - MeeshoAutomation - INFO - HomePage: Initiating search for: Cotton Floral Printed Kurti
2026-03-19 21:14:03 - MeeshoAutomation - INFO - Checking for 'Sign up now' popup...
2026-03-19 21:14:14 - MeeshoAutomation - INFO - Search query 'Cotton Floral Printed Kurti' submitted via Keyboard interaction.
2026-03-19 21:14:15 - MeeshoAutomation - INFO - Search results hydration in progress.
2026-03-19 21:14:25 - MeeshoAutomation - INFO - SearchResultsPage: Attempting stable click on product index: 0.
2026-03-19 21:14:27 - MeeshoAutomation - INFO - Available products for selection: 42
2026-03-19 21:14:29 - MeeshoAutomation - INFO - Humanized link click dispatched.
2026-03-19 21:14:33 - MeeshoAutomation - WARNING - URL didn't change. Dispatching JS forced navigation as fallback.
2026-03-19 21:14:33 - MeeshoAutomation - INFO - ProductDetailsPage: Waiting for product hydration...
2026-03-19 21:14:40 - MeeshoAutomation - INFO - Legitimate PDP confirmed: indigo ajrakh handblock printed cotton kurta with pockect
2026-03-19 21:14:40 - MeeshoAutomation - INFO - ProductDetailsPage: Fetching current cart count.
2026-03-19 21:14:40 - MeeshoAutomation - INFO - Checking if size selection is required.
2026-03-19 21:14:40 - MeeshoAutomation - INFO - Found 8 Size chips. Searching for an available variant.
2026-03-19 21:14:40 - MeeshoAutomation - INFO - Clicking available size chip: M
2026-03-19 21:14:44 - MeeshoAutomation - INFO - ProductDetailsPage: Attempting 'Add to Cart'.
2026-03-19 21:14:44 - MeeshoAutomation - INFO - Executing 'Human Jiggle' scroll.
2026-03-19 21:14:48 - MeeshoAutomation - INFO - Click submitted. Waiting for login modal.
2026-03-19 21:14:51 - MeeshoAutomation - INFO - Verifying Login Modal presence.
2026-03-19 21:14:51 - MeeshoAutomation - ERROR - Login Modal NOT detected after Add to Cart.
2026-03-19 21:14:51 - MeeshoAutomation - INFO - Auth session active. Verifying UI success markers.
2026-03-19 21:14:51 - MeeshoAutomation - INFO - Verifying product added to cart (Authenticated Flow).
2026-03-19 21:14:51 - MeeshoAutomation - INFO - Verified AddToCart success via marker: button:has-text('Go to Cart')
2026-03-19 21:14:51 - MeeshoAutomation - INFO - ProductDetailsPage: Fetching current cart count.
2026-03-19 21:14:51 - MeeshoAutomation - INFO - Cart Count transitioned from 0 -> 0
2026-03-19 21:14:51 - MeeshoAutomation - INFO - VERIFIED (Auth): Cart count update verified for: Cotton Floral Printed Kurti
2026-03-19 21:14:51 - MeeshoAutomation - INFO - --- Flow Complete: Cotton Floral Printed Kurti ---
2026-03-19 21:14:54 - MeeshoAutomation - INFO - Initializing Pristine Pytest-Playwright Engine.
2026-03-19 21:14:54 - MeeshoAutomation - INFO - --- Processing Product: Men's Analog Stainless Steel Watch ---
2026-03-19 21:15:12 - MeeshoAutomation - INFO - HomePage: Initiating search for: Men's Analog Stainless Steel Watch
2026-03-19 21:15:12 - MeeshoAutomation - INFO - Checking for 'Sign up now' popup...
2026-03-19 21:15:24 - MeeshoAutomation - INFO - Search query 'Men's Analog Stainless Steel Watch' submitted via Keyboard interaction.
2026-03-19 21:15:24 - MeeshoAutomation - INFO - Search results hydration in progress.
2026-03-19 21:15:32 - MeeshoAutomation - INFO - SearchResultsPage: Attempting stable click on product index: 0.
2026-03-19 21:15:36 - MeeshoAutomation - INFO - Available products for selection: 42
2026-03-19 21:15:38 - MeeshoAutomation - INFO - Humanized link click dispatched.
2026-03-19 21:15:40 - MeeshoAutomation - WARNING - URL didn't change. Dispatching JS forced navigation as fallback.
2026-03-19 21:15:40 - MeeshoAutomation - INFO - ProductDetailsPage: Waiting for product hydration...
2026-03-19 21:15:48 - MeeshoAutomation - INFO - Legitimate PDP confirmed: steel chin full black oe
2026-03-19 21:15:48 - MeeshoAutomation - INFO - ProductDetailsPage: Fetching current cart count.
2026-03-19 21:15:48 - MeeshoAutomation - INFO - Checking if size selection is required.
2026-03-19 21:15:48 - MeeshoAutomation - INFO - Found 1 Size chips. Searching for an available variant.
2026-03-19 21:15:48 - MeeshoAutomation - INFO - Clicking available size chip: Free Size
2026-03-19 21:15:52 - MeeshoAutomation - INFO - ProductDetailsPage: Attempting 'Add to Cart'.
2026-03-19 21:15:52 - MeeshoAutomation - INFO - Executing 'Human Jiggle' scroll.
2026-03-19 21:15:55 - MeeshoAutomation - INFO - Click submitted. Waiting for login modal.
2026-03-19 21:15:58 - MeeshoAutomation - INFO - Verifying Login Modal presence.
2026-03-19 21:15:58 - MeeshoAutomation - ERROR - Login Modal NOT detected after Add to Cart.
2026-03-19 21:15:58 - MeeshoAutomation - INFO - Auth session active. Verifying UI success markers.
2026-03-19 21:15:58 - MeeshoAutomation - INFO - Verifying product added to cart (Authenticated Flow).
2026-03-19 21:15:58 - MeeshoAutomation - INFO - Verified AddToCart success via marker: button:has-text('Go to Cart')
2026-03-19 21:15:58 - MeeshoAutomation - INFO - ProductDetailsPage: Fetching current cart count.
2026-03-19 21:15:58 - MeeshoAutomation - INFO - Cart Count transitioned from 0 -> 0
2026-03-19 21:15:58 - MeeshoAutomation - INFO - VERIFIED (Auth): Cart count update verified for: Men's Analog Stainless Steel Watch
2026-03-19 21:15:58 - MeeshoAutomation - INFO - --- Flow Complete: Men's Analog Stainless Steel Watch ---
2026-03-19 21:15:58 - MeeshoAutomation - INFO - Detached from Real Google Chrome.
