2026-03-19 21:43:47 - MeeshoAutomation - INFO - Successfully loaded JSON test data from: /Users/deepakvarma/Desktop/Meesho_Automation/data/ai_test_data.json
2026-03-19 21:43:47 - MeeshoAutomation - INFO - Connecting to Real Google Chrome via CDP (Port 9222)...
2026-03-19 21:43:51 - MeeshoAutomation - INFO - Initializing Pristine Pytest-Playwright Engine.
2026-03-19 21:43:51 - MeeshoAutomation - INFO - --- Processing Product: Floral Print Georgette Saree ---
2026-03-19 21:44:14 - MeeshoAutomation - INFO - HomePage: Initiating search for: Floral Print Georgette Saree
2026-03-19 21:44:14 - MeeshoAutomation - INFO - Checking for 'Sign up now' popup...
2026-03-19 21:44:25 - MeeshoAutomation - INFO - Search query 'Floral Print Georgette Saree' submitted via Keyboard interaction.
2026-03-19 21:44:25 - MeeshoAutomation - INFO - Search results hydration in progress.
2026-03-19 21:44:34 - MeeshoAutomation - INFO - SearchResultsPage: Attempting stable click on product index: 0.
2026-03-19 21:44:37 - MeeshoAutomation - INFO - Available products for selection: 42
2026-03-19 21:44:39 - MeeshoAutomation - INFO - Humanized link click dispatched.
2026-03-19 21:44:42 - MeeshoAutomation - WARNING - URL didn't change. Dispatching JS forced navigation as fallback.
2026-03-19 21:44:42 - MeeshoAutomation - INFO - ProductDetailsPage: Waiting for product hydration...
2026-03-19 21:44:50 - MeeshoAutomation - INFO - Legitimate PDP confirmed: heavy silver embroidery work with full silver stone work beautifull saree
2026-03-19 21:44:50 - MeeshoAutomation - INFO - ProductDetailsPage: Fetching current cart count.
2026-03-19 21:44:50 - MeeshoAutomation - INFO - Checking if size selection is required.
2026-03-19 21:44:50 - MeeshoAutomation - INFO - Found 1 Size chips. Searching for an available variant.
2026-03-19 21:44:50 - MeeshoAutomation - INFO - Clicking available size chip: Free Size
2026-03-19 21:44:54 - MeeshoAutomation - INFO - ProductDetailsPage: Attempting 'Add to Cart'.
2026-03-19 21:44:54 - MeeshoAutomation - INFO - Executing 'Human Jiggle' scroll.
2026-03-19 21:44:58 - MeeshoAutomation - INFO - Click submitted. Waiting for login modal.
2026-03-19 21:45:01 - MeeshoAutomation - INFO - Verifying Login Modal presence.
2026-03-19 21:45:01 - MeeshoAutomation - ERROR - Login Modal NOT detected after Add to Cart.
2026-03-19 21:45:01 - MeeshoAutomation - INFO - Auth session active. Verifying UI success markers.
2026-03-19 21:45:01 - MeeshoAutomation - INFO - Verifying product added to cart (Authenticated Flow).
2026-03-19 21:45:01 - MeeshoAutomation - INFO - ProductDetailsPage: Fetching current cart count.
2026-03-19 21:45:01 - MeeshoAutomation - INFO - Cart Count transitioned from 0 -> 0
2026-03-19 21:45:04 - MeeshoAutomation - INFO - Initializing Pristine Pytest-Playwright Engine.
2026-03-19 21:45:04 - MeeshoAutomation - INFO - --- Processing Product: Cotton Printed Kurti Set ---
2026-03-19 21:45:22 - MeeshoAutomation - INFO - HomePage: Initiating search for: Cotton Printed Kurti Set
2026-03-19 21:45:22 - MeeshoAutomation - INFO - Checking for 'Sign up now' popup...
2026-03-19 21:45:32 - MeeshoAutomation - INFO - Search query 'Cotton Printed Kurti Set' submitted via Keyboard interaction.
2026-03-19 21:45:47 - MeeshoAutomation - WARNING - Search transition delayed.
2026-03-19 21:45:54 - MeeshoAutomation - INFO - SearchResultsPage: Attempting stable click on product index: 0.
2026-03-19 21:45:57 - MeeshoAutomation - INFO - Available products for selection: 44
2026-03-19 21:46:00 - MeeshoAutomation - INFO - Humanized link click dispatched.
2026-03-19 21:46:03 - MeeshoAutomation - WARNING - URL didn't change. Dispatching JS forced navigation as fallback.
2026-03-19 21:46:03 - MeeshoAutomation - INFO - ProductDetailsPage: Waiting for product hydration...
2026-03-19 21:46:11 - MeeshoAutomation - INFO - Legitimate PDP confirmed: heavy silver embroidery work with full silver stone work beautifull saree
2026-03-19 21:46:11 - MeeshoAutomation - INFO - ProductDetailsPage: Fetching current cart count.
2026-03-19 21:46:11 - MeeshoAutomation - INFO - Checking if size selection is required.
2026-03-19 21:46:12 - MeeshoAutomation - INFO - Found 1 Size chips. Searching for an available variant.
2026-03-19 21:46:12 - MeeshoAutomation - INFO - Clicking available size chip: Free Size
2026-03-19 21:46:16 - MeeshoAutomation - INFO - ProductDetailsPage: Attempting 'Add to Cart'.
2026-03-19 21:46:16 - MeeshoAutomation - INFO - Executing 'Human Jiggle' scroll.
2026-03-19 21:46:19 - MeeshoAutomation - INFO - Click submitted. Waiting for login modal.
2026-03-19 21:46:22 - MeeshoAutomation - INFO - Verifying Login Modal presence.
2026-03-19 21:46:22 - MeeshoAutomation - ERROR - Login Modal NOT detected after Add to Cart.
2026-03-19 21:46:22 - MeeshoAutomation - INFO - Auth session active. Verifying UI success markers.
2026-03-19 21:46:22 - MeeshoAutomation - INFO - Verifying product added to cart (Authenticated Flow).
2026-03-19 21:46:22 - MeeshoAutomation - INFO - ProductDetailsPage: Fetching current cart count.
2026-03-19 21:46:22 - MeeshoAutomation - INFO - Cart Count transitioned from 0 -> 0
2026-03-19 21:46:25 - MeeshoAutomation - INFO - Initializing Pristine Pytest-Playwright Engine.
2026-03-19 21:46:25 - MeeshoAutomation - INFO - --- Processing Product: Men Analog Stainless Steel Watch ---
2026-03-19 21:46:47 - MeeshoAutomation - INFO - HomePage: Initiating search for: Men Analog Stainless Steel Watch
2026-03-19 21:46:47 - MeeshoAutomation - INFO - Checking for 'Sign up now' popup...
2026-03-19 21:46:59 - MeeshoAutomation - INFO - Search query 'Men Analog Stainless Steel Watch' submitted via Keyboard interaction.
2026-03-19 21:47:14 - MeeshoAutomation - WARNING - Search transition delayed.
2026-03-19 21:47:23 - MeeshoAutomation - INFO - SearchResultsPage: Attempting stable click on product index: 0.
2026-03-19 21:47:26 - MeeshoAutomation - INFO - Available products for selection: 44
2026-03-19 21:47:29 - MeeshoAutomation - INFO - Humanized link click dispatched.
2026-03-19 21:47:31 - MeeshoAutomation - WARNING - URL didn't change. Dispatching JS forced navigation as fallback.
2026-03-19 21:47:46 - MeeshoAutomation - INFO - ProductDetailsPage: Waiting for product hydration...
2026-03-19 21:47:53 - MeeshoAutomation - WARNING - Content loaded but 'Add to Cart' button is missing. Possible out-of-stock.
2026-03-19 21:47:53 - MeeshoAutomation - INFO - Detached from Real Google Chrome.
