2026-03-19 21:38:48 - MeeshoAutomation - INFO - Successfully loaded JSON test data from: /Users/deepakvarma/Desktop/Meesho_Automation/data/ai_test_data.json
2026-03-19 21:38:49 - MeeshoAutomation - INFO - Connecting to Real Google Chrome via CDP (Port 9222)...
2026-03-19 21:38:52 - MeeshoAutomation - INFO - Initializing Pristine Pytest-Playwright Engine.
2026-03-19 21:38:52 - MeeshoAutomation - INFO - --- Processing Product: Kanchipuram Silk Saree ---
2026-03-19 21:39:13 - MeeshoAutomation - INFO - HomePage: Initiating search for: Kanchipuram Silk Saree
2026-03-19 21:39:13 - MeeshoAutomation - INFO - Checking for 'Sign up now' popup...
2026-03-19 21:39:25 - MeeshoAutomation - INFO - Search query 'Kanchipuram Silk Saree' submitted via Keyboard interaction.
2026-03-19 21:39:25 - MeeshoAutomation - INFO - Search results hydration in progress.
2026-03-19 21:39:33 - MeeshoAutomation - INFO - SearchResultsPage: Attempting stable click on product index: 0.
2026-03-19 21:39:35 - MeeshoAutomation - INFO - Available products for selection: 42
2026-03-19 21:39:38 - MeeshoAutomation - INFO - Humanized link click dispatched.
2026-03-19 21:39:41 - MeeshoAutomation - WARNING - URL didn't change. Dispatching JS forced navigation as fallback.
2026-03-19 21:39:41 - MeeshoAutomation - INFO - ProductDetailsPage: Waiting for product hydration...
2026-03-19 21:39:47 - MeeshoAutomation - INFO - Legitimate PDP confirmed: kanjivaram silk sarees new collection 2023 silk sarees new design latest pattu sarees new collection
2026-03-19 21:39:47 - MeeshoAutomation - INFO - ProductDetailsPage: Fetching current cart count.
2026-03-19 21:39:47 - MeeshoAutomation - INFO - Checking if size selection is required.
2026-03-19 21:39:47 - MeeshoAutomation - INFO - Found 1 Size chips. Searching for an available variant.
2026-03-19 21:39:47 - MeeshoAutomation - INFO - Clicking available size chip: Free Size
2026-03-19 21:39:51 - MeeshoAutomation - INFO - ProductDetailsPage: Attempting 'Add to Cart'.
2026-03-19 21:39:51 - MeeshoAutomation - INFO - Executing 'Human Jiggle' scroll.
2026-03-19 21:39:55 - MeeshoAutomation - INFO - Click submitted. Waiting for login modal.
2026-03-19 21:39:58 - MeeshoAutomation - INFO - Verifying Login Modal presence.
2026-03-19 21:39:58 - MeeshoAutomation - ERROR - Login Modal NOT detected after Add to Cart.
2026-03-19 21:39:58 - MeeshoAutomation - INFO - Auth session active. Verifying UI success markers.
2026-03-19 21:39:58 - MeeshoAutomation - INFO - Verifying product added to cart (Authenticated Flow).
2026-03-19 21:39:58 - MeeshoAutomation - INFO - Verified AddToCart success via marker: button:has-text('Go to Cart')
2026-03-19 21:39:58 - MeeshoAutomation - INFO - ProductDetailsPage: Fetching current cart count.
2026-03-19 21:39:58 - MeeshoAutomation - INFO - Cart Count transitioned from 0 -> 0
2026-03-19 21:39:58 - MeeshoAutomation - INFO - VERIFIED (Auth): Cart count update verified for: Kanchipuram Silk Saree
2026-03-19 21:39:58 - MeeshoAutomation - INFO - --- Flow Complete: Kanchipuram Silk Saree ---
2026-03-19 21:39:58 - MeeshoAutomation - INFO - Detached from Real Google Chrome.
